<?xml version="1.0" encoding="UTF-8"?>
<!-- Generated by org.testng.reporters.JUnitReportReporter -->
<testsuite skipped="0" hostname="DESKTOP-BJSJULN" name="com.api.com.rest.PUT_Request_Test" tests="1" failures="0" timestamp="2020-12-21T22:29:08 IST" time="6.774" errors="0">
  <testcase name="put_Update" time="6.774" classname="com.api.com.rest.PUT_Request_Test"/>
  <system-out/>
</testsuite> <!-- com.api.com.rest.PUT_Request_Test -->
