<?xml version="1.0" encoding="UTF-8"?>
<!-- Generated by org.testng.reporters.JUnitReportReporter -->
<testsuite skipped="0" hostname="DESKTOP-BJSJULN" name="com.api.com.rest.DELETE_Request_Test" tests="1" failures="0" timestamp="2020-12-21T22:30:40 IST" time="4.000" errors="0">
  <testcase name="delete_Record" time="4.000" classname="com.api.com.rest.DELETE_Request_Test"/>
  <system-out/>
</testsuite> <!-- com.api.com.rest.DELETE_Request_Test -->
