<?xml version="1.0" encoding="UTF-8"?>
<!-- Generated by org.testng.reporters.JUnitReportReporter -->
<testsuite skipped="0" hostname="DESKTOP-BJSJULN" name="com.api.com.rest.AssertRequest" tests="1" failures="0" timestamp="2020-12-26T14:19:47 IST" time="5.561" errors="0">
  <testcase name="get_AssertRequest1" time="5.561" classname="com.api.com.rest.AssertRequest"/>
  <system-out/>
</testsuite> <!-- com.api.com.rest.AssertRequest -->
