<?xml version="1.0" encoding="UTF-8"?>
<!-- Generated by org.testng.reporters.JUnitReportReporter -->
<testsuite skipped="0" hostname="DESKTOP-BJSJULN" name="com.api.com.rest.POST_Request_Test" tests="1" failures="0" timestamp="2020-12-21T00:23:26 IST" time="14.006" errors="0">
  <testcase name="post_Login_Unsuccessful" time="14.006" classname="com.api.com.rest.POST_Request_Test"/>
  <system-out/>
</testsuite> <!-- com.api.com.rest.POST_Request_Test -->
