<?xml version="1.0" encoding="UTF-8"?>
<!-- Generated by org.testng.reporters.JUnitReportReporter -->
<testsuite skipped="0" hostname="DESKTOP-BJSJULN" name="com.api.com.rest.POST_Request" tests="1" failures="0" timestamp="2020-12-19T15:57:00 IST" time="4.886" errors="0">
  <testcase name="postRequest" time="4.886" classname="com.api.com.rest.POST_Request"/>
  <system-out/>
</testsuite> <!-- com.api.com.rest.POST_Request -->
