<?xml version="1.0" encoding="UTF-8"?>
<!-- Generated by org.testng.reporters.JUnitReportReporter -->
<testsuite skipped="3" hostname="DESKTOP-BJSJULN" name="org.request.com.RequestTest" tests="4" failures="0" timestamp="2020-12-25T20:57:13 IST" time="8.927" errors="0">
  <testcase name="deleteRequestTest" time="8.927" classname="org.request.com.RequestTest"/>
  <system-out/>
  <testcase name="postRequestTest" classname="org.request.com.RequestTest">
    <skipped/>
  </testcase> <!-- postRequestTest -->
  <system-out/>
  <testcase name="getRequestTest" classname="org.request.com.RequestTest">
    <skipped/>
  </testcase> <!-- getRequestTest -->
  <system-out/>
  <testcase name="putRequestTest" classname="org.request.com.RequestTest">
    <skipped/>
  </testcase> <!-- putRequestTest -->
  <system-out/>
</testsuite> <!-- org.request.com.RequestTest -->
