<?xml version="1.0" encoding="UTF-8"?>
<!-- Generated by org.testng.reporters.JUnitReportReporter -->
<testsuite skipped="0" hostname="DESKTOP-BJSJULN" name="com.api.com.rest.Practice" tests="2" failures="0" timestamp="2020-12-20T19:15:53 IST" time="35.063" errors="0">
  <testcase name="get_SingleUser" time="1.109" classname="com.api.com.rest.Practice"/>
  <system-out/>
  <testcase name="get_ListUsers" time="33.954" classname="com.api.com.rest.Practice"/>
  <system-out/>
</testsuite> <!-- com.api.com.rest.Practice -->
