<?xml version="1.0" encoding="UTF-8"?>
<!-- Generated by org.testng.reporters.JUnitReportReporter -->
<testsuite skipped="0" hostname="DESKTOP-BJSJULN" name="com.api.com.rest.GET_Request_Test" tests="7" failures="0" timestamp="2020-12-21T00:23:21 IST" time="29.157" errors="0">
  <testcase name="get_SingleResource" time="0.956" classname="com.api.com.rest.GET_Request_Test"/>
  <system-out/>
  <testcase name="get_SingleResource_NotFound" time="0.975" classname="com.api.com.rest.GET_Request_Test"/>
  <system-out/>
  <testcase name="get_ListUsers" time="1.148" classname="com.api.com.rest.GET_Request_Test"/>
  <system-out/>
  <testcase name="get_UserNotFound" time="0.955" classname="com.api.com.rest.GET_Request_Test"/>
  <system-out/>
  <testcase name="get_Delayed_Response" time="23.207" classname="com.api.com.rest.GET_Request_Test"/>
  <system-out/>
  <testcase name="get_ListResource" time="0.975" classname="com.api.com.rest.GET_Request_Test"/>
  <system-out/>
  <testcase name="get_SingleUser" time="0.941" classname="com.api.com.rest.GET_Request_Test"/>
  <system-out/>
</testsuite> <!-- com.api.com.rest.GET_Request_Test -->
