<?xml version="1.0" encoding="UTF-8"?>
<!-- Generated by org.testng.reporters.JUnitReportReporter -->
<testsuite skipped="0" hostname="DESKTOP-BJSJULN" name="com.api.com.rest.GET_Request" tests="1" failures="0" timestamp="2020-12-19T15:30:46 IST" time="6.107" errors="0">
  <testcase name="getRequest" time="6.107" classname="com.api.com.rest.GET_Request"/>
  <system-out/>
</testsuite> <!-- com.api.com.rest.GET_Request -->
